<?xml version="1.0" encoding="UTF-8"?>
<testsuite xmlns:xsi="http://www.w3.org/2001/XMLSchema-instance" xsi:noNamespaceSchemaLocation="https://maven.apache.org/surefire/maven-surefire-plugin/xsd/surefire-test-report-3.0.xsd" version="3.0" name="com.example.bookings.PhoneBookingApplicationTests" time="12.445" tests="1" errors="0" skipped="0" failures="0">
  <properties>
[...]
</properties>
  <testcase name="contextLoads" classname="com.example.bookings.PhoneBookingApplicationTests" time="1.302">
    <system-out><![CDATA[22:52:42.898 [main] INFO org.springframework.test.context.support.AnnotationConfigContextLoaderUtils -- Could not detect default configuration classes for test class [com.example.bookings.PhoneBookingApplicationTests]: PhoneBookingApplicationTests does not declare any static, non-private, non-final, nested classes annotated with @Configuration.
22:52:43.146 [main] INFO org.springframework.boot.test.context.SpringBootTestContextBootstrapper -- Found @SpringBootConfiguration com.example.bookings.PhoneBookingApplication for test class com.example.bookings.PhoneBookingApplicationTests
22:52:43.773 [main] INFO org.springframework.boot.devtools.restart.RestartApplicationListener -- Restart disabled due to context in which it is running

  .   ____          _            __ _ _
 /\\ / ___'_ __ _ _(_)_ __  __ _ \ \ \ \
( ( )\___ | '_ | '_| | '_ \/ _` | \ \ \ \
 \\/  ___)| |_)| | | | | || (_| |  ) ) ) )
  '  |____| .__|_| |_|_| |_\__, | / / / /
 =========|_|==============|___/=/_/_/_/

 :: Spring Boot ::                (v3.3.2)

2024-07-28T22:52:44.734+05:30  INFO 3184 --- [phone-booking] [           main] c.e.b.PhoneBookingApplicationTests       : Starting PhoneBookingApplicationTests using Java 17.0.11 with PID 3184 (started by A200066469 in C:\Users\A200066469\Downloads\very_imp\phone-booking\phone-booking-app)
2024-07-28T22:52:44.738+05:30  INFO 3184 --- [phone-booking] [           main] c.e.b.PhoneBookingApplicationTests       : No active profile set, falling back to 1 default profile: "default"
2024-07-28T22:52:46.731+05:30  INFO 3184 --- [phone-booking] [           main] .s.d.r.c.RepositoryConfigurationDelegate : Bootstrapping Spring Data JPA repositories in DEFAULT mode.
2024-07-28T22:52:46.777+05:30  INFO 3184 --- [phone-booking] [           main] .s.d.r.c.RepositoryConfigurationDelegate : Finished Spring Data repository scanning in 27 ms. Found 0 JPA repository interfaces.
2024-07-28T22:52:47.619+05:30  INFO 3184 --- [phone-booking] [           main] com.zaxxer.hikari.HikariDataSource       : HikariPool-1 - Starting...
2024-07-28T22:52:48.035+05:30  INFO 3184 --- [phone-booking] [           main] com.zaxxer.hikari.pool.HikariPool        : HikariPool-1 - Added connection conn0: url=jdbc:h2:mem:test user=SA
2024-07-28T22:52:48.039+05:30  INFO 3184 --- [phone-booking] [           main] com.zaxxer.hikari.HikariDataSource       : HikariPool-1 - Start completed.
2024-07-28T22:52:48.307+05:30  INFO 3184 --- [phone-booking] [           main] o.hibernate.jpa.internal.util.LogHelper  : HHH000204: Processing PersistenceUnitInfo [name: default]
2024-07-28T22:52:48.417+05:30  INFO 3184 --- [phone-booking] [           main] org.hibernate.Version                    : HHH000412: Hibernate ORM core version 6.5.2.Final
2024-07-28T22:52:48.509+05:30  INFO 3184 --- [phone-booking] [           main] o.h.c.internal.RegionFactoryInitiator    : HHH000026: Second-level cache disabled
2024-07-28T22:52:49.289+05:30  INFO 3184 --- [phone-booking] [           main] o.s.o.j.p.SpringPersistenceUnitInfo      : No LoadTimeWeaver setup: ignoring JPA class transformer
2024-07-28T22:52:49.379+05:30  WARN 3184 --- [phone-booking] [           main] org.hibernate.orm.deprecation            : HHH90000025: H2Dialect does not need to be specified explicitly using 'hibernate.dialect' (remove the property setting and it will be selected by default)
2024-07-28T22:52:50.060+05:30  INFO 3184 --- [phone-booking] [           main] o.h.e.t.j.p.i.JtaPlatformInitiator       : HHH000489: No JTA platform available (set 'hibernate.transaction.jta.platform' to enable JTA platform integration)
2024-07-28T22:52:50.067+05:30  INFO 3184 --- [phone-booking] [           main] j.LocalContainerEntityManagerFactoryBean : Initialized JPA EntityManagerFactory for persistence unit 'default'
2024-07-28T22:52:50.607+05:30  WARN 3184 --- [phone-booking] [           main] JpaBaseConfiguration$JpaWebConfiguration : spring.jpa.open-in-view is enabled by default. Therefore, database queries may be performed during view rendering. Explicitly configure spring.jpa.open-in-view to disable this warning
2024-07-28T22:52:53.574+05:30  INFO 3184 --- [phone-booking] [           main] o.s.b.a.h2.H2ConsoleAutoConfiguration    : H2 console available at '/h2-console'. Database available at 'jdbc:h2:mem:test'
2024-07-28T22:52:53.687+05:30  INFO 3184 --- [phone-booking] [           main] c.e.b.PhoneBookingApplicationTests       : Started PhoneBookingApplicationTests in 9.997 seconds (process running for 12.248)
]]></system-out>
  </testcase>
</testsuite>