<?xml version="1.0" encoding="UTF-8"?>
<testsuite xmlns:xsi="http://www.w3.org/2001/XMLSchema-instance" xsi:noNamespaceSchemaLocation="https://maven.apache.org/surefire/maven-surefire-plugin/xsd/surefire-test-report-3.0.xsd" version="3.0" name="com.example.bookings.SmokeTest" time="0.163" tests="1" errors="0" skipped="0" failures="0">
  <properties>
[...]
</properties>
  <testcase name="contextLoads" classname="com.example.bookings.SmokeTest" time="0.142">
    <system-out><![CDATA[2024-07-28T22:52:55.053+05:30  INFO 3184 --- [phone-booking] [           main] t.c.s.AnnotationConfigContextLoaderUtils : Could not detect default configuration classes for test class [com.example.bookings.SmokeTest]: SmokeTest does not declare any static, non-private, non-final, nested classes annotated with @Configuration.
2024-07-28T22:52:55.058+05:30  INFO 3184 --- [phone-booking] [           main] .b.t.c.SpringBootTestContextBootstrapper : Found @SpringBootConfiguration com.example.bookings.PhoneBookingApplication for test class com.example.bookings.SmokeTest
]]></system-out>
  </testcase>
</testsuite>